Removed Pin From Net: NetName=GND Pin=S1-1
Removed Pin From Net: NetName=NetR33_1 Pin=S1-2
Removed Pin From Net: NetName=+3V3 Pin=S1-3
Added Component: Designator=S?(NKK SS312SAH4)
Add component (AddParameter): Name = "Actuator Length"; Value = "2.00mm"; VariantName = "[No Variations]"
Add component (AddParameter): Name = "Actuator Type"; Value = "Standard"; VariantName = "[No Variations]"
Add component (AddParameter): Name = "Circuit"; Value = "SPDT"; VariantName = "[No Variations]"
Add component (AddParameter): Name = "ComponentLink1Description"; Value = "Datasheet"; VariantName = "[No Variations]"
Add component (AddParameter): Name = "ComponentLink1URL"; Value = "http://www.nkkswitches.com/pdf/SS3surfaceMount-1.pdf"; VariantName = "[No Variations]"
Add component (AddParameter): Name = "ComponentLink2Description"; Value = "DigiKey Link"; VariantName = "[No Variations]"
Add component (AddParameter): Name = "ComponentLink2URL"; Value = "http://digikey.com/product-detail/en/nkk-switches/SS312SAH4-R/360-2924-1-ND/1051215"; VariantName = "[No Variations]"
Add component (AddParameter): Name = "Contact Finish"; Value = "Gold"; VariantName = "[No Variations]"
Add component (AddParameter): Name = "Contact Material"; Value = "Phosphor Bronze"; VariantName = "[No Variations]"
Add component (AddParameter): Name = "Contact Timing"; Value = "Shorting (MBB)"; VariantName = "[No Variations]"
Add component (AddParameter): Name = "Current Rating (Amps)"; Value = "0.4VA (AC/DC)"; VariantName = "[No Variations]"
Add component (AddParameter): Name = "LastUpdated"; Value = "4.01.2020 19:10:14"; VariantName = "[No Variations]"
Add component (AddParameter): Name = "Lifecycle Status"; Value = "Active"; VariantName = "[No Variations]"
Add component (AddParameter): Name = "Manufacturer"; Value = "NKK Switches"; VariantName = "[No Variations]"
Add component (AddParameter): Name = "Minimum Order"; Value = "1"; VariantName = "[No Variations]"
Add component (AddParameter): Name = "Mounting Type"; Value = "Surface Mount, Right Angle"; VariantName = "[No Variations]"
Add component (AddParameter): Name = "Operating Temperature"; Value = "-25°C ~ 85°C"; VariantName = "[No Variations]"
Add component (AddParameter): Name = "Packaging"; Value = "TapeAndReel"; VariantName = "[No Variations]"
Add component (AddParameter): Name = "Part Number"; Value = "SS312SAH4-R"; VariantName = "[No Variations]"
Add component (AddParameter): Name = "Part Status"; Value = "Active"; VariantName = "[No Variations]"
Add component (AddParameter): Name = "PartId"; Value = "1"; VariantName = "[No Variations]"
Add component (AddParameter): Name = "Price"; Value = "1.95"; VariantName = "[No Variations]"
Add component (AddParameter): Name = "Series"; Value = "SS3"; VariantName = "[No Variations]"
Add component (AddParameter): Name = "Supplier 1"; Value = "DigiKey"; VariantName = "[No Variations]"
Add component (AddParameter): Name = "Supplier Part Number 1"; Value = "360-2924-1-ND"; VariantName = "[No Variations]"
Add component (AddParameter): Name = "Switch Function"; Value = "On-On"; VariantName = "[No Variations]"
Add component (AddParameter): Name = "Termination Style"; Value = "Gull Wing"; VariantName = "[No Variations]"
Add component (AddParameter): Name = "Voltage Rating - AC"; Value = "28V"; VariantName = "[No Variations]"
Add component (AddParameter): Name = "Voltage Rating - DC"; Value = "28V"; VariantName = "[No Variations]"
Added Pin To Net: NetName=GND Pin=S?-1
Added Pin To Net: NetName=NetR33_1 Pin=S?-2
Added Pin To Net: NetName=+3V3 Pin=S?-3
Added Member To Class: ClassName=MCU Member=Component S? SS312SAH4-R
