Removed Pin From Net: NetName=NetC38_2 Pin=S2-1
Removed Pin From Net: NetName=NetC38_2 Pin=S2-2
Removed Pin From Net: NetName=GND Pin=S2-3
Removed Pin From Net: NetName=GND Pin=S2-4
Change Component Footprint: Designator=S2 Old Footprint=TE FSM4JSMA New Footprint=KMR621NGLFS
Change Component Comment : Designator=S2 Old Comment=1977223-9 New Comment=KMR621NGLFS
Change component parameters: Designator = "S2" ("S2"); Footprint = "TE FSM4JSMA"; UniqueID = "\SCWGFOKY" ("\SCWGFOKY")
Change component parameters (AddParameter): Name = "Actuator Height off PCB, Vertical"; Value = "1.90mm"; VariantName = "[No Variations]"
Change component parameters (AddParameter): Name = "Actuator Orientation"; Value = "Top Actuated"; VariantName = "[No Variations]"
Change component parameters (AddParameter): Name = "Actuator Type"; Value = "Standard"; VariantName = "[No Variations]"
Change component parameters (AddParameter): Name = "Circuit"; Value = "SPST-NO"; VariantName = "[No Variations]"
Change component parameters (AddParameter): Name = "ComponentLink1Description"; Value = "Datasheet"; VariantName = "[No Variations]"
Change component parameters (AddParameter): Name = "ComponentLink1URL"; Value = "https://www.ckswitches.com/media/1907/kmr6.pdf"; VariantName = "[No Variations]"
Change component parameters (AddParameter): Name = "ComponentLink2Description"; Value = "Digikey Link"; VariantName = "[No Variations]"
Change component parameters (AddParameter): Name = "ComponentLink2URL"; Value = "https://www.digikey.com/en/products/detail/c-k/KMR621NG-LFS/6035350"; VariantName = "[No Variations]"
Change component parameters (AddParameter): Name = "Contact Rating @ Voltage"; Value = "0.05A @ 32VDC"; VariantName = "[No Variations]"
Change component parameters (AddParameter): Name = "Manufacturer"; Value = "C&K"; VariantName = "[No Variations]"
Change component parameters (AddParameter): Name = "Mechanical Life"; Value = "200,000 Cycles"; VariantName = "[No Variations]"
Change component parameters (AddParameter): Name = "Mounting Type"; Value = "Surface Mount"; VariantName = "[No Variations]"
Change component parameters (AddParameter): Name = "Operating Force"; Value = "200gf"; VariantName = "[No Variations]"
Change component parameters (AddParameter): Name = "Operating Temperature"; Value = "-40°C ~ 85°C"; VariantName = "[No Variations]"
Change component parameters (AddParameter): Name = "Outline"; Value = "4.20mm x 2.80mm"; VariantName = "[No Variations]"
Change component parameters (AddParameter): Name = "Switch Function"; Value = "Off-Mom"; VariantName = "[No Variations]"
Change component parameters (AddParameter): Name = "Termination Style"; Value = "Gull Wing"; VariantName = "[No Variations]"
Change component parameters (AddParameter): Name = "Illumination"; Value = "Non-Illuminated"; VariantName = "[No Variations]"
Change component parameters (AddParameter): Name = "Ingress Protection"; Value = "IP67 - Dust Tight, Waterproof"; VariantName = "[No Variations]"
Added Pin To Net: NetName=GND Pin=S2-1_1
Added Pin To Net: NetName=GND Pin=S2-1_2
Added Pin To Net: NetName=NetC38_2 Pin=S2-2_1
Added Pin To Net: NetName=NetC38_2 Pin=S2-2_2
