Removed Pin From Net: NetName=GND Pin=C37-1
Removed Pin From Net: NetName=GND Pin=C39-1
Removed Pin From Net: NetName=GND Pin=S?-1
Removed Pin From Net: NetName=DSHOT1 Pin=U3-5
Removed Pin From Net: NetName=+3V3 Pin=U3-6
Removed Pin From Net: NetName=GND Pin=U3-10
Removed Pin From Net: NetName=+3V3 Pin=U3-11
Removed Pin From Net: NetName=OSC_IN Pin=U3-12
Removed Pin From Net: NetName=OSC_OUT Pin=U3-13
Removed Pin From Net: NetName=NetC38_2 Pin=U3-14
Removed Pin From Net: NetName=GND Pin=U3-20
Removed Pin From Net: NetName=+3V3 Pin=U3-21
Removed Pin From Net: NetName=+3V3 Pin=U3-22
Removed Pin From Net: NetName=VBAT_ADC Pin=U3-23
Removed Pin From Net: NetName=CURRENT_ADC Pin=U3-24
Removed Pin From Net: NetName=USART2_TX Pin=U3-25
Removed Pin From Net: NetName=USART2_RX Pin=U3-26
Removed Pin From Net: NetName=GND Pin=U3-27
Removed Pin From Net: NetName=+3V3 Pin=U3-28
Removed Pin From Net: NetName=SPI1_CS Pin=U3-29
Removed Pin From Net: NetName=SPI1_SCK Pin=U3-30
Removed Pin From Net: NetName=SPI1_MISO Pin=U3-31
Removed Pin From Net: NetName=SPI1_MOSI Pin=U3-32
Removed Pin From Net: NetName=DSHOT0 Pin=U3-35
Removed Pin From Net: NetName=NetR36_2 Pin=U3-42
Removed Pin From Net: NetName=USART3_TX Pin=U3-47
Removed Pin From Net: NetName=USART3_RX Pin=U3-48
Removed Pin From Net: NetName=+3V3 Pin=U3-50
Removed Pin From Net: NetName=SPI2_CS Pin=U3-51
Removed Pin From Net: NetName=SPI2_SCK Pin=U3-52
Removed Pin From Net: NetName=SPI2_MISO Pin=U3-53
Removed Pin From Net: NetName=SPI2_MOSI Pin=U3-54
Removed Pin From Net: NetName=DSHOT3 Pin=U3-61
Removed Pin From Net: NetName=USART6_RX Pin=U3-63
Removed Pin From Net: NetName=USART6_TX Pin=U3-64
Removed Pin From Net: NetName=USART1_TX Pin=U3-68
Removed Pin From Net: NetName=USB_DN Pin=U3-70
Removed Pin From Net: NetName=USB_DP Pin=U3-71
Removed Pin From Net: NetName=SWDIO Pin=U3-72
Removed Pin From Net: NetName=GND Pin=U3-74
Removed Pin From Net: NetName=+3V3 Pin=U3-75
Removed Pin From Net: NetName=SWCLK Pin=U3-76
Removed Pin From Net: NetName=UART5_RX Pin=U3-83
Removed Pin From Net: NetName=SWO Pin=U3-89
Removed Pin From Net: NetName=I2C1_SDA Pin=U3-92
Removed Pin From Net: NetName=I2C1_SCL Pin=U3-93
Removed Pin From Net: NetName=NetR33_2 Pin=U3-94
Removed Pin From Net: NetName=DSHOT2 Pin=U3-96
Removed Pin From Net: NetName=GND Pin=U3-99
Removed Pin From Net: NetName=+3V3 Pin=U3-100
Removed Member From Class: ClassName=MCU Member=C39
Change Component Footprint: Designator=U3 Old Footprint=STM-LQFP100_N New Footprint=STM32F722RET6
Change Component Comment : Designator=C37 Old Comment=2.2 µF New Comment=4.7 µF
Change Component Comment : Designator=U3 Old Comment=STM32F407VGT6TR New Comment=STM32F722RET6
Change Component Designator: OldDesignator=S? NewDesignator=S1
Change component parameters: Designator = "C37" ("C37"); Footprint = "CAP 0402_1005"; UniqueID = "\MMZDWBSF" ("\MMZDWBSF")
Change component parameters (AddParameter): Name = "Applications"; Value = "General Purpose"; VariantName = "[No Variations]"
Change component parameters (AddParameter): Name = "Capacitance"; Value = "4.7 µF"; VariantName = "[No Variations]"
Change component parameters (AddParameter): Name = "componentlink1description"; Value = "Datasheet"; VariantName = "[No Variations]"
Change component parameters (AddParameter): Name = "componentlink1url"; Value = "https://product.tdk.com/info/en/catalog/datasheets/mlcc_commercial_general_en.pdf?ref_disty=digikey"; VariantName = "[No Variations]"
Change component parameters (AddParameter): Name = "componentlink2description"; Value = "DigiKey Link"; VariantName = "[No Variations]"
Change component parameters (AddParameter): Name = "componentlink2url"; Value = "https://www.digikey.com/en/products/detail/tdk-corporation/C1005X5R0J475K050BC/2443425"; VariantName = "[No Variations]"
Change component parameters (AddParameter): Name = "Device Package"; Value = "0402 (1005 Metric)"; VariantName = "[No Variations]"
Change component parameters (AddParameter): Name = "Features"; Value = "Low ESL"; VariantName = "[No Variations]"
Change component parameters (AddParameter): Name = "lastupdated"; Value = "9.02.2024 20:04:37"; VariantName = "[No Variations]"
Change component parameters (AddParameter): Name = "Lifecycle Status"; Value = "Active"; VariantName = "[No Variations]"
Change component parameters (AddParameter): Name = "manufacturer"; Value = "TDK Corporation"; VariantName = "[No Variations]"
Change component parameters (AddParameter): Name = "Minimum Order"; Value = "1"; VariantName = "[No Variations]"
Change component parameters (AddParameter): Name = "Mounting Type"; Value = "Surface Mount, MLCC"; VariantName = "[No Variations]"
Change component parameters (AddParameter): Name = "Operating Temperature"; Value = "-55°C ~ 85°C"; VariantName = "[No Variations]"
Change component parameters (AddParameter): Name = "Package / Case"; Value = "0402 (1005 Metric)"; VariantName = "[No Variations]"
Change component parameters (AddParameter): Name = "packaging"; Value = "TapeAndReel"; VariantName = "[No Variations]"
Change component parameters (AddParameter): Name = "Part Number"; Value = "C1005X5R0J475K050BC"; VariantName = "[No Variations]"
Change component parameters (AddParameter): Name = "Part Status"; Value = "Active"; VariantName = "[No Variations]"
Change component parameters (AddParameter): Name = "partid"; Value = "2194"; VariantName = "[No Variations]"
Change component parameters (AddParameter): Name = "price"; Value = "0.06"; VariantName = "[No Variations]"
Change component parameters (AddParameter): Name = "series"; Value = "C"; VariantName = "[No Variations]"
Change component parameters (AddParameter): Name = "Size / Dimension"; Value = "0.039" L x 0.020" W (1.00mm x 0.50mm)"; VariantName = "[No Variations]"
Change component parameters (AddParameter): Name = "Supplier 1"; Value = "DigiKey"; VariantName = "[No Variations]"
Change component parameters (AddParameter): Name = "Supplier Part Number 1"; Value = "445-5947-1-ND"; VariantName = "[No Variations]"
Change component parameters (AddParameter): Name = "Temperature Coefficient"; Value = "X5R"; VariantName = "[No Variations]"
Change component parameters (AddParameter): Name = "Thickness (Max)"; Value = "0.026" (0.65mm)"; VariantName = "[No Variations]"
Change component parameters (AddParameter): Name = "Tolerance"; Value = "±10%"; VariantName = "[No Variations]"
Change component parameters (AddParameter): Name = "value"; Value = "4.7 µF"; VariantName = "[No Variations]"
Change component parameters (AddParameter): Name = "Voltage - Rated"; Value = "6.3V"; VariantName = "[No Variations]"
Change component parameters: Designator = "U3" ("U3"); Footprint = "STM-LQFP100_N"; UniqueID = "\DCHJFYRI" ("\DCHJFYRI")
Change component parameters (AddParameter): Name = "ComponentLink1Description"; Value = "Datasheet"; VariantName = "[No Variations]"
Change component parameters (AddParameter): Name = "ComponentLink1URL"; Value = "https://www.st.com/content/ccc/resource/technical/document/datasheet/group3/d6/11/13/15/f4/38/49/79/DM00330506/files/DM00330506.pdf/jcr:content/translations/en.DM00330506.pdf"; VariantName = "[No Variations]"
Change component parameters (AddParameter): Name = "ComponentLink2Description"; Value = "Digikey Link"; VariantName = "[No Variations]"
Change component parameters (AddParameter): Name = "ComponentLink2URL"; Value = "https://www.digikey.com/en/products/detail/stmicroelectronics/STM32F722RET6/6621769"; VariantName = "[No Variations]"
Change component parameters (AddParameter): Name = "Connectivity"; Value = "CANbus, I2C, IrDA, LINbus, MMC/SD, QSPI, SAI, SPI, UART/USART, USB"; VariantName = "[No Variations]"
Change component parameters (AddParameter): Name = "Core Processor"; Value = "ARM® Cortex®-M7"; VariantName = "[No Variations]"
Change component parameters (AddParameter): Name = "Core Size"; Value = "32-Bit Single-Core"; VariantName = "[No Variations]"
Change component parameters (AddParameter): Name = "Data Converters"; Value = "A/D 16x12b; D/A 2x12b"; VariantName = "[No Variations]"
Change component parameters (AddParameter): Name = "Manufacturer"; Value = "STMicroelectronics"; VariantName = "[No Variations]"
Change component parameters (AddParameter): Name = "Number of I/O"; Value = "50"; VariantName = "[No Variations]"
Change component parameters (AddParameter): Name = "Operating Temperature"; Value = "-40°C ~ 85°C (TA)"; VariantName = "[No Variations]"
Change component parameters (AddParameter): Name = "Oscillator Type"; Value = "Internal"; VariantName = "[No Variations]"
Change component parameters (AddParameter): Name = "Peripherals"; Value = "Brown-out Detect/Reset, DMA, I2S, POR, PWM, WDT"; VariantName = "[No Variations]"
Change component parameters (AddParameter): Name = "Program Memory Size"; Value = "512KB (512K x 8)"; VariantName = "[No Variations]"
Change component parameters (AddParameter): Name = "Program Memory Type"; Value = "FLASH"; VariantName = "[No Variations]"
Change component parameters (AddParameter): Name = "RAM Size"; Value = "256K x 8"; VariantName = "[No Variations]"
Change component parameters (AddParameter): Name = "Speed"; Value = "216MHz"; VariantName = "[No Variations]"
Change component parameters (AddParameter): Name = "Supplier Device Package"; Value = "64-LQFP (10x10)"; VariantName = "[No Variations]"
Change component parameters (AddParameter): Name = "Voltage - Supply (Vcc/Vdd)"; Value = "1.7V ~ 3.6V"; VariantName = "[No Variations]"
Added Component: Designator=R38(YAGEO RES 0402_1005)
Add component (AddParameter): Name = "ComponentLink1Description"; Value = "Datasheet"; VariantName = "[No Variations]"
Add component (AddParameter): Name = "ComponentLink1URL"; Value = "https://www.yageo.com/upload/media/product/productsearch/datasheet/rchip/PYu-RT_1-to-0.01_RoHS_L_11.pdf"; VariantName = "[No Variations]"
Add component (AddParameter): Name = "ComponentLink2Description"; Value = "DigiKey Link"; VariantName = "[No Variations]"
Add component (AddParameter): Name = "ComponentLink2URL"; Value = "https://www.digikey.com/en/products/detail/yageo/RT0402BRE071KL/1069571"; VariantName = "[No Variations]"
Add component (AddParameter): Name = "Composition"; Value = "Thin Film"; VariantName = "[No Variations]"
Add component (AddParameter): Name = "Device Package"; Value = "0402 (1005 Metric)"; VariantName = "[No Variations]"
Add component (AddParameter): Name = "Height - Seated (Max)"; Value = "0.014" (0.35mm)"; VariantName = "[No Variations]"
Add component (AddParameter): Name = "LastUpdated"; Value = "25.07.2024 09:18:18"; VariantName = "[No Variations]"
Add component (AddParameter): Name = "Lifecycle Status"; Value = "Active"; VariantName = "[No Variations]"
Add component (AddParameter): Name = "Manufacturer"; Value = "Yageo"; VariantName = "[No Variations]"
Add component (AddParameter): Name = "Minimum Order"; Value = "1"; VariantName = "[No Variations]"
Add component (AddParameter): Name = "Number of Terminations"; Value = "2"; VariantName = "[No Variations]"
Add component (AddParameter): Name = "Operating Temperature"; Value = "-55°C ~ 155°C"; VariantName = "[No Variations]"
Add component (AddParameter): Name = "Package / Case"; Value = "0402 (1005 Metric)"; VariantName = "[No Variations]"
Add component (AddParameter): Name = "Packaging"; Value = "TapeAndReel"; VariantName = "[No Variations]"
Add component (AddParameter): Name = "Part Number"; Value = "RT0402BRE071KL"; VariantName = "[No Variations]"
Add component (AddParameter): Name = "Part Status"; Value = "Active"; VariantName = "[No Variations]"
Add component (AddParameter): Name = "PartId"; Value = "3163"; VariantName = "[No Variations]"
Add component (AddParameter): Name = "Power (Watts)"; Value = "0.063W, 1/16W"; VariantName = "[No Variations]"
Add component (AddParameter): Name = "Price"; Value = "0.04"; VariantName = "[No Variations]"
Add component (AddParameter): Name = "Resistance"; Value = "1 kOhms"; VariantName = "[No Variations]"
Add component (AddParameter): Name = "Series"; Value = "RT"; VariantName = "[No Variations]"
Add component (AddParameter): Name = "Size / Dimension"; Value = "0.039" L x 0.020" W (1.00mm x 0.50mm)"; VariantName = "[No Variations]"
Add component (AddParameter): Name = "Supplier 1"; Value = "DigiKey"; VariantName = "[No Variations]"
Add component (AddParameter): Name = "Supplier Device Package"; Value = "0402"; VariantName = "[No Variations]"
Add component (AddParameter): Name = "Supplier Part Number 1"; Value = "YAG2306CT-ND"; VariantName = "[No Variations]"
Add component (AddParameter): Name = "Temperature Coefficient"; Value = "±50ppm/°C"; VariantName = "[No Variations]"
Add component (AddParameter): Name = "Tolerance"; Value = "±0.1%"; VariantName = "[No Variations]"
Add component (AddParameter): Name = "Value"; Value = "1 kOhms"; VariantName = "[No Variations]"
Added Pin To Net: NetName=GND Pin=C37-2
Added Pin To Net: NetName=GND Pin=R38-2
Added Pin To Net: NetName=+3V3 Pin=U3-1
Added Pin To Net: NetName=OSC_IN Pin=U3-5
Added Pin To Net: NetName=OSC_OUT Pin=U3-6
Added Pin To Net: NetName=NetC38_2 Pin=U3-7
Added Pin To Net: NetName=VBAT_ADC Pin=U3-8
Added Pin To Net: NetName=CURRENT_ADC Pin=U3-11
Added Pin To Net: NetName=GND Pin=U3-12
Added Pin To Net: NetName=+3V3 Pin=U3-13
Added Pin To Net: NetName=DSHOT0 Pin=U3-14
Added Pin To Net: NetName=USART2_TX Pin=U3-16
Added Pin To Net: NetName=USART2_RX Pin=U3-17
Added Pin To Net: NetName=GND Pin=U3-18
Added Pin To Net: NetName=SPI1_CS Pin=U3-20
Added Pin To Net: NetName=SPI1_SCK Pin=U3-21
Added Pin To Net: NetName=SPI1_MISO Pin=U3-22
Added Pin To Net: NetName=SPI1_MOSI Pin=U3-23
Added Pin To Net: NetName=DSHOT1 Pin=U3-25
Added Pin To Net: NetName=GND Pin=U3-31
Added Pin To Net: NetName=+3V3 Pin=U3-32
Added Pin To Net: NetName=SPI2_CS Pin=U3-33
Added Pin To Net: NetName=SPI2_SCK Pin=U3-34
Added Pin To Net: NetName=SPI2_MISO Pin=U3-35
Added Pin To Net: NetName=SPI2_MOSI Pin=U3-36
Added Pin To Net: NetName=USART6_TX Pin=U3-37
Added Pin To Net: NetName=USART6_RX Pin=U3-38
Added Pin To Net: NetName=NetR36_2 Pin=U3-39
Added Pin To Net: NetName=DSHOT3 Pin=U3-41
Added Pin To Net: NetName=DSHOT2 Pin=U3-42
Added Pin To Net: NetName=USB_DN Pin=U3-44
Added Pin To Net: NetName=USB_DP Pin=U3-45
Added Pin To Net: NetName=SWDIO Pin=U3-46
Added Pin To Net: NetName=GND Pin=U3-47
Added Pin To Net: NetName=+3V3 Pin=U3-48
Added Pin To Net: NetName=SWCLK Pin=U3-49
Added Pin To Net: NetName=USART3_TX Pin=U3-51
Added Pin To Net: NetName=USART3_RX Pin=U3-52
Added Pin To Net: NetName=UART5_RX Pin=U3-54
Added Pin To Net: NetName=SWO Pin=U3-55
Added Pin To Net: NetName=USART1_TX Pin=U3-58
Added Pin To Net: NetName=NetR33_2 Pin=U3-60
Added Pin To Net: NetName=I2C1_SCL Pin=U3-61
Added Pin To Net: NetName=I2C1_SDA Pin=U3-62
Added Pin To Net: NetName=GND Pin=U3-63
Added Pin To Net: NetName=+3V3 Pin=U3-64
Added Pin To Net: NetName=I2C2_SCL Pin=J3-4
Added Pin To Net: NetName=I2C2_SCL Pin=R27-2
Added Pin To Net: NetName=I2C2_SCL Pin=U3-28
Added Net: Name=I2C2_SCL
Added Pin To Net: NetName=I2C2_SDA Pin=J3-5
Added Pin To Net: NetName=I2C2_SDA Pin=R28-2
Added Pin To Net: NetName=I2C2_SDA Pin=U3-29
Added Net: Name=I2C2_SDA
Added Pin To Net: NetName=NetC37_1 Pin=C37-1
Added Pin To Net: NetName=NetC37_1 Pin=U3-30
Added Net: Name=NetC37_1
Added Pin To Net: NetName=NetR6_1 Pin=R6-1
Added Pin To Net: NetName=NetR6_1 Pin=R7-1
Added Pin To Net: NetName=NetR6_1 Pin=U3-3
Added Net: Name=NetR6_1
Added Pin To Net: NetName=NetR38_1 Pin=R38-1
Added Pin To Net: NetName=NetR38_1 Pin=S1-1
Added Net: Name=NetR38_1
Added Member To Class: ClassName=MCU Member=Component R38 1 kOhms
